<?xml version="1.0" encoding="UTF-8"?>
<!-- Generated by org.testng.reporters.JUnitReportReporter -->
<testsuite hostname="Sufiyaan-Lappy" failures="0" tests="1" name="examples.NoParameterWithTestNGXML" time="6.233" errors="0" timestamp="2023-01-15T20:09:58 IST" skipped="0">
  <testcase classname="examples.NoParameterWithTestNGXML" name="testNoParameter" time="6.233"/>
  <system-out/>
</testsuite> <!-- examples.NoParameterWithTestNGXML -->
